<?xml version="1.0" encoding="UTF-8"?>
<testsuite name="com.fullcycle.admin.catalogo.domain.category.CategoryTest" tests="1" skipped="0" failures="0" errors="0" timestamp="2023-04-07T11:39:15" hostname="solumobinb" time="6.007">
  <properties/>
  <testcase name="givenAnInvalidNullName_whenCallNewCategoryAndValidate_thenShouldReturnAnError()" classname="com.fullcycle.admin.catalogo.domain.category.CategoryTest" time="6.007"/>
  <system-out><![CDATA[]]></system-out>
  <system-err><![CDATA[]]></system-err>
</testsuite>
